{"name":"testCheckSessionInactive()","status":"failed","statusDetails":{"known":false,"muted":false,"flaky":false,"message":"No value at JSON path \"$.success\"","trace":"java.lang.AssertionError: No value at JSON path \"$.success\"\r\n\tat org.springframework.test.util.JsonPathExpectationsHelper.evaluateJsonPath(JsonPathExpectationsHelper.java:302)\r\n\tat org.springframework.test.util.JsonPathExpectationsHelper.assertValue(JsonPathExpectationsHelper.java:99)\r\n\tat org.springframework.test.web.servlet.result.JsonPathResultMatchers.lambda$value$2(JsonPathResultMatchers.java:111)\r\n\tat org.springframework.test.web.servlet.MockMvc$1.andExpect(MockMvc.java:214)\r\n\tat api.example.apis.AuthControllerTest.testCheckSessionInactive(AuthControllerTest.java:181)\r\n\tat java.base/java.lang.reflect.Method.invoke(Method.java:580)\r\n\tat java.base/java.util.ArrayList.forEach(ArrayList.java:1597)\r\n\tat java.base/java.util.ArrayList.forEach(ArrayList.java:1597)\r\nCaused by: com.jayway.jsonpath.PathNotFoundException: No results for path: $['success']\r\n"},"stage":"finished","description":"","steps":[],"attachments":[],"parameters":[],"start":1733928033131,"stop":1733928034856,"uuid":"a35f9721-f418-491f-809d-31a6e8e6bbe1","historyId":"4db6954d0ed2d62d1e8debf6bd95682","fullName":"api.example.apis.AuthControllerTest.testCheckSessionInactive","labels":[{"name":"host","value":"Dany"},{"name":"thread","value":"24340@Dany.main(1)"},{"name":"framework","value":"junit-platform"},{"name":"language","value":"java"},{"name":"package","value":"api.example.apis.AuthControllerTest"},{"name":"testClass","value":"api.example.apis.AuthControllerTest"},{"name":"testMethod","value":"testCheckSessionInactive"},{"name":"suite","value":"api.example.apis.AuthControllerTest"}],"links":[]}